{
  "RSpec": {
    "coverage": {
      "/app/app/models/session.rb": {
        "lines": [
          null,
          null,
          1,
          1,
          null,
          1,
          null,
          1,
          22,
          null,
          null,
          1,
          null,
          22,
          22,
          null,
          null,
          22,
          null,
          null,
          22,
          null,
          22,
          null,
          null,
          1,
          14,
          11,
          null,
          null,
          2,
          null,
          2,
          null,
          null,
          1,
          1,
          null,
          null
        ]
      },
      "/app/app/models/workout.rb": {
        "lines": [
          null,
          null,
          1,
          1,
          null,
          1,
          null
        ]
      },
      "/app/app/models/ability.rb": {
        "lines": [
          null,
          null,
          1,
          1,
          null,
          1,
          12,
          null,
          11,
          11,
          11,
          null,
          null,
          null
        ]
      },
      "/app/app/controllers/sessions_controller.rb": {
        "lines": [
          1,
          1,
          null,
          1,
          4,
          3,
          3,
          1,
          null,
          null,
          2,
          1,
          null,
          null,
          null,
          null,
          null,
          null,
          null,
          1,
          null,
          1,
          null,
          null,
          1,
          null,
          null,
          null,
          null
        ]
      },
      "/app/app/controllers/api_controller.rb": {
        "lines": [
          1,
          null,
          1,
          12,
          12,
          null,
          12,
          null,
          12,
          null,
          null,
          1,
          12,
          null,
          12,
          11,
          1,
          1,
          1,
          null,
          10,
          null,
          null,
          null,
          null,
          null,
          10,
          null,
          null,
          1,
          1,
          null,
          null,
          null,
          1,
          10,
          null,
          null
        ]
      },
      "/app/app/controllers/users_controller.rb": {
        "lines": [
          null,
          null,
          1,
          1,
          1,
          null,
          1,
          2,
          2,
          1,
          null,
          1,
          null,
          null,
          null,
          1,
          1,
          null,
          null,
          1,
          1,
          1,
          null,
          null,
          null,
          1,
          null,
          1,
          3,
          null,
          null,
          null,
          null,
          null,
          null,
          null,
          null
        ]
      },
      "/app/app/controllers/workouts_controller.rb": {
        "lines": [
          1,
          1,
          1,
          null,
          1,
          2,
          1,
          null,
          1,
          null,
          null,
          null,
          1,
          3,
          3,
          null,
          null,
          1,
          1,
          null,
          null,
          1,
          1,
          1,
          null,
          null,
          null,
          1,
          1,
          1,
          null,
          null,
          null,
          1,
          null,
          1,
          7,
          null,
          null
        ]
      },
      "/app/app/models/application_record.rb": {
        "lines": [
          0,
          0,
          0
        ],
        "branches": {
        }
      },
      "/app/app/models/user.rb": {
        "lines": [
          0,
          null,
          null,
          0,
          0,
          null,
          0,
          0,
          null,
          0,
          0
        ],
        "branches": {
        }
      }
    },
    "timestamp": 1636040935
  }
}
